<?xml version="1.0" encoding="UTF-8"?>
<!-- Generated by org.testng.reporters.JUnitXMLReporter -->
<testsuite hostname="JIM-TI8227" name="Default test" tests="3" failures="0" timestamp="22 May 2016 08:25:32 GMT" time="49.289" errors="0">
  <testcase name="Invalid_login_Test" time="2.697" classname="testscripts.Login_Scenario_TC"/>
  <testcase name="Invalid_login_Test" time="4.664" classname="testscripts.Login_Scenario_TC"/>
  <testcase name="Valid_login_Test" time="3.204" classname="testscripts.Login_Scenario_TC"/>
</testsuite> <!-- Default test -->
