<?xml version="1.0" encoding="UTF-8"?>
<!-- Generated by org.testng.reporters.JUnitXMLReporter -->
<testsuite hostname="JIM-TI8227" name="Test" tests="4" failures="0" timestamp="22 May 2016 05:41:46 GMT" time="56.617" errors="0">
  <testcase name="Invalid_login_Test" time="1.724" classname="testscripts.Login_Scenario_TC"/>
  <testcase name="Valid_login_Test" time="3.209" classname="testscripts.Login_Scenario_TC"/>
  <testcase name="Invalid_Search_Test" time="1.41" classname="testscripts.BookSearch_Scenario_TC"/>
  <testcase name="Valid_Search_Test" time="2.854" classname="testscripts.BookSearch_Scenario_TC"/>
</testsuite> <!-- Test -->
