<?xml version="1.0" encoding="UTF-8"?>
<testsuite name="Test"
           tests="4"
           failures="0"
           errors="0"
           skipped="0"
           time="25.406">
  <properties />
  
  
            <testcase name="Valid_Search_Test" time="5.206" classname="testscripts.BookSearch_Scenario_TC" />
                <testcase name="Valid_Search_Test" time="7.015" classname="testscripts.BookSearch_Scenario_TC" />
                <testcase name="Invalid_Search_Test" time="6.416" classname="testscripts.BookSearch_Scenario_TC" />
                <testcase name="Valid_Search_Test" time="6.769" classname="testscripts.BookSearch_Scenario_TC" />
      
</testsuite>
