<?xml version="1.0" encoding="UTF-8"?>
<testng-results skipped="0" failed="0" total="3" passed="3">
  <reporter-output>
  </reporter-output>
  <suite name="Default suite" duration-ms="49289" started-at="2016-05-22T08:24:43Z" finished-at="2016-05-22T08:25:32Z">
    <groups>
    </groups>
    <test name="Default test" duration-ms="49289" started-at="2016-05-22T08:24:43Z" finished-at="2016-05-22T08:25:32Z">
      <class name="testscripts.Login_Scenario_TC">
        <test-method status="PASS" signature="launchbrowser()[pri:0, instance:testscripts.Login_Scenario_TC@1e31c3e]" name="launchbrowser" is-config="true" duration-ms="12925" started-at="2016-05-22T13:54:44Z" finished-at="2016-05-22T13:54:57Z">
          <reporter-output>
          </reporter-output>
        </test-method> <!-- launchbrowser -->
        <test-method status="PASS" signature="Invalid_login_Test(java.lang.String, java.lang.String, java.lang.String, java.lang.String, java.lang.String)[pri:0, instance:testscripts.Login_Scenario_TC@1e31c3e]" name="Invalid_login_Test" duration-ms="2697" started-at="2016-05-22T13:54:57Z" data-provider="Invalidlogin_DP" finished-at="2016-05-22T13:55:00Z">
          <params>
            <param index="0">
              <value>
                <![CDATA[GB_01]]>
              </value>
            </param>
            <param index="1">
              <value>
                <![CDATA[1.0]]>
              </value>
            </param>
            <param index="2">
              <value>
                <![CDATA[Raje]]>
              </value>
            </param>
            <param index="3">
              <value>
                <![CDATA[ghagh]]>
              </value>
            </param>
            <param index="4">
              <value>
                <![CDATA[Sorry..]]>
              </value>
            </param>
          </params>
          <reporter-output>
          </reporter-output>
        </test-method> <!-- Invalid_login_Test -->
        <test-method status="PASS" signature="launchbrowser()[pri:0, instance:testscripts.Login_Scenario_TC@1e31c3e]" name="launchbrowser" is-config="true" duration-ms="13267" started-at="2016-05-22T13:55:00Z" finished-at="2016-05-22T13:55:13Z">
          <reporter-output>
          </reporter-output>
        </test-method> <!-- launchbrowser -->
        <test-method status="PASS" signature="Invalid_login_Test(java.lang.String, java.lang.String, java.lang.String, java.lang.String, java.lang.String)[pri:0, instance:testscripts.Login_Scenario_TC@1e31c3e]" name="Invalid_login_Test" duration-ms="4664" started-at="2016-05-22T13:55:13Z" data-provider="Invalidlogin_DP" finished-at="2016-05-22T13:55:18Z">
          <params>
            <param index="0">
              <value>
                <![CDATA[GB_02]]>
              </value>
            </param>
            <param index="1">
              <value>
                <![CDATA[1.0]]>
              </value>
            </param>
            <param index="2">
              <value>
                <![CDATA[Raje]]>
              </value>
            </param>
            <param index="3">
              <value>
                <![CDATA[learn123]]>
              </value>
            </param>
            <param index="4">
              <value>
                <![CDATA[Sorry..]]>
              </value>
            </param>
          </params>
          <reporter-output>
          </reporter-output>
        </test-method> <!-- Invalid_login_Test -->
        <test-method status="PASS" signature="launchbrowser()[pri:0, instance:testscripts.Login_Scenario_TC@1e31c3e]" name="launchbrowser" is-config="true" duration-ms="11118" started-at="2016-05-22T13:55:18Z" finished-at="2016-05-22T13:55:29Z">
          <reporter-output>
          </reporter-output>
        </test-method> <!-- launchbrowser -->
        <test-method status="PASS" signature="Valid_login_Test(java.lang.String, java.lang.String, java.lang.String, java.lang.String, java.lang.String)[pri:0, instance:testscripts.Login_Scenario_TC@1e31c3e]" name="Valid_login_Test" duration-ms="3204" started-at="2016-05-22T13:55:29Z" data-provider="validlogin_DP" finished-at="2016-05-22T13:55:32Z">
          <params>
            <param index="0">
              <value>
                <![CDATA[GB_07]]>
              </value>
            </param>
            <param index="1">
              <value>
                <![CDATA[1.0]]>
              </value>
            </param>
            <param index="2">
              <value>
                <![CDATA[qtpworld2008@gmail.com]]>
              </value>
            </param>
            <param index="3">
              <value>
                <![CDATA[learn123]]>
              </value>
            </param>
            <param index="4">
              <value>
                <![CDATA[qtpworld2008 g]]>
              </value>
            </param>
          </params>
          <reporter-output>
          </reporter-output>
        </test-method> <!-- Valid_login_Test -->
      </class> <!-- testscripts.Login_Scenario_TC -->
    </test> <!-- Default test -->
  </suite> <!-- Default suite -->
</testng-results>
